13-Sep-2023 18:22:51.902 INFO [main] org.apache.catalina.startup.VersionLoggerListener.log Nombre de la versión del servidor: Apache Tomcat/8.5.91
13-Sep-2023 18:22:51.929 INFO [main] org.apache.catalina.startup.VersionLoggerListener.log Server built:                      Jul 6 2023 14:43:48 UTC
13-Sep-2023 18:22:51.929 INFO [main] org.apache.catalina.startup.VersionLoggerListener.log Número de versión de servidor:     8.5.91.0
13-Sep-2023 18:22:51.929 INFO [main] org.apache.catalina.startup.VersionLoggerListener.log OS Name:                           Windows 10
13-Sep-2023 18:22:51.929 INFO [main] org.apache.catalina.startup.VersionLoggerListener.log Versión de Systema Operativo:      10.0
13-Sep-2023 18:22:51.929 INFO [main] org.apache.catalina.startup.VersionLoggerListener.log Arquitectura:                      amd64
13-Sep-2023 18:22:51.940 INFO [main] org.apache.catalina.startup.VersionLoggerListener.log Java Home:                         C:\Program Files\Java\jdk-18.0.2.1
13-Sep-2023 18:22:51.940 INFO [main] org.apache.catalina.startup.VersionLoggerListener.log JVM Version:                       18.0.2.1+1-1
13-Sep-2023 18:22:51.942 INFO [main] org.apache.catalina.startup.VersionLoggerListener.log Vededor JVM:                       Oracle Corporation
13-Sep-2023 18:22:51.947 INFO [main] org.apache.catalina.startup.VersionLoggerListener.log CATALINA_BASE:                     C:\xampp\htdocs\Github\modulo_seguridad\drivers\apache-tomcat-8.5.91
13-Sep-2023 18:22:51.947 INFO [main] org.apache.catalina.startup.VersionLoggerListener.log CATALINA_HOME:                     C:\xampp\htdocs\Github\modulo_seguridad\drivers\apache-tomcat-8.5.91
13-Sep-2023 18:22:51.947 INFO [main] org.apache.catalina.startup.VersionLoggerListener.log Command line argument:             -Djava.util.logging.config.file=c:\xampp\htdocs\Github\modulo_seguridad\drivers\apache-tomcat-8.5.91/conf/logging.properties
13-Sep-2023 18:22:51.949 INFO [main] org.apache.catalina.startup.VersionLoggerListener.log Command line argument:             -Djava.util.logging.manager=org.apache.juli.ClassLoaderLogManager
13-Sep-2023 18:22:51.950 INFO [main] org.apache.catalina.startup.VersionLoggerListener.log Command line argument:             -Djdk.tls.ephemeralDHKeySize=2048
13-Sep-2023 18:22:51.950 INFO [main] org.apache.catalina.startup.VersionLoggerListener.log Command line argument:             -Djava.protocol.handler.pkgs=org.apache.catalina.webresources
13-Sep-2023 18:22:51.951 INFO [main] org.apache.catalina.startup.VersionLoggerListener.log Command line argument:             -Dorg.apache.catalina.security.SecurityListener.UMASK=0027
13-Sep-2023 18:22:51.951 INFO [main] org.apache.catalina.startup.VersionLoggerListener.log Command line argument:             -Dcatalina.base=c:\xampp\htdocs\Github\modulo_seguridad\drivers\apache-tomcat-8.5.91
13-Sep-2023 18:22:51.952 INFO [main] org.apache.catalina.startup.VersionLoggerListener.log Command line argument:             -Dcatalina.home=c:\xampp\htdocs\Github\modulo_seguridad\drivers\apache-tomcat-8.5.91
13-Sep-2023 18:22:51.952 INFO [main] org.apache.catalina.startup.VersionLoggerListener.log Command line argument:             -Djava.io.tmpdir=c:\xampp\htdocs\Github\modulo_seguridad\drivers\apache-tomcat-8.5.91/temp
13-Sep-2023 18:22:51.956 INFO [main] org.apache.catalina.core.AprLifecycleListener.lifecycleEvent Cargada la biblioteca nativa APR de Apache Tomcat [1.2.37] con la versión APR [1.7.4].
13-Sep-2023 18:22:51.956 INFO [main] org.apache.catalina.core.AprLifecycleListener.lifecycleEvent Capacidades APR: IPv6 [true], enviar fichero [true], aceptar filtros [false], aleatorio [true], UDS [{4}].
13-Sep-2023 18:22:51.957 INFO [main] org.apache.catalina.core.AprLifecycleListener.lifecycleEvent APR/OpenSSL configuration: useAprConnector [false], useOpenSSL [true]
13-Sep-2023 18:22:52.001 INFO [main] org.apache.catalina.core.AprLifecycleListener.initializeSSL OpenSSL inicializado correctamente [OpenSSL 1.1.1u  30 May 2023]
13-Sep-2023 18:22:52.135 INFO [main] org.apache.coyote.AbstractProtocol.init Inicializando el manejador de protocolo ["http-nio-8080"]

13-Sep-2023 18:22:52.213 INFO [main] org.apache.catalina.startup.Catalina.load Initialization processed in 1385 ms
13-Sep-2023 18:22:52.552 INFO [main] org.apache.catalina.core.StandardService.startInternal Arrancando servicio [Catalina]
13-Sep-2023 18:22:52.552 INFO [main] org.apache.catalina.core.StandardEngine.startInternal Starting Servlet engine: [Apache Tomcat/8.5.91]
13-Sep-2023 18:22:52.567 INFO [localhost-startStop-1] org.apache.catalina.startup.HostConfig.deployDirectory Desplegando el directorio [C:\xampp\htdocs\Github\modulo_seguridad\drivers\apache-tomcat-8.5.91\webapps\docs] de la aplicación web
13-Sep-2023 18:22:53.434 WARNING [localhost-startStop-1] org.apache.catalina.util.SessionIdGeneratorBase.createSecureRandom Creation of SecureRandom instance for session ID generation using [SHA1PRNG] took [127] milliseconds.
13-Sep-2023 18:22:53.490 INFO [localhost-startStop-1] org.apache.catalina.startup.HostConfig.deployDirectory Deployment of web application directory [C:\xampp\htdocs\Github\modulo_seguridad\drivers\apache-tomcat-8.5.91\webapps\docs] has finished in [923] ms
13-Sep-2023 18:22:53.491 INFO [localhost-startStop-1] org.apache.catalina.startup.HostConfig.deployDirectory Desplegando el directorio [C:\xampp\htdocs\Github\modulo_seguridad\drivers\apache-tomcat-8.5.91\webapps\examples] de la aplicación web
13-Sep-2023 18:22:55.152 INFO [localhost-startStop-1] org.apache.catalina.startup.HostConfig.deployDirectory Deployment of web application directory [C:\xampp\htdocs\Github\modulo_seguridad\drivers\apache-tomcat-8.5.91\webapps\examples] has finished in [1.661] ms
13-Sep-2023 18:22:55.152 INFO [localhost-startStop-1] org.apache.catalina.startup.HostConfig.deployDirectory Desplegando el directorio [C:\xampp\htdocs\Github\modulo_seguridad\drivers\apache-tomcat-8.5.91\webapps\host-manager] de la aplicación web
13-Sep-2023 18:22:55.319 INFO [localhost-startStop-1] org.apache.catalina.startup.HostConfig.deployDirectory Deployment of web application directory [C:\xampp\htdocs\Github\modulo_seguridad\drivers\apache-tomcat-8.5.91\webapps\host-manager] has finished in [166] ms
13-Sep-2023 18:22:55.319 INFO [localhost-startStop-1] org.apache.catalina.startup.HostConfig.deployDirectory Desplegando el directorio [C:\xampp\htdocs\Github\modulo_seguridad\drivers\apache-tomcat-8.5.91\webapps\manager] de la aplicación web
13-Sep-2023 18:22:55.448 INFO [localhost-startStop-1] org.apache.catalina.startup.HostConfig.deployDirectory Deployment of web application directory [C:\xampp\htdocs\Github\modulo_seguridad\drivers\apache-tomcat-8.5.91\webapps\manager] has finished in [129] ms
13-Sep-2023 18:22:55.448 INFO [localhost-startStop-1] org.apache.catalina.startup.HostConfig.deployDirectory Desplegando el directorio [C:\xampp\htdocs\Github\modulo_seguridad\drivers\apache-tomcat-8.5.91\webapps\ROOT] de la aplicación web
13-Sep-2023 18:22:55.524 INFO [localhost-startStop-1] org.apache.catalina.startup.HostConfig.deployDirectory Deployment of web application directory [C:\xampp\htdocs\Github\modulo_seguridad\drivers\apache-tomcat-8.5.91\webapps\ROOT] has finished in [75] ms
13-Sep-2023 18:22:55.527 INFO [main] org.apache.coyote.AbstractProtocol.start Starting ProtocolHandler ["http-nio-8080"]
13-Sep-2023 18:22:55.598 INFO [main] org.apache.catalina.startup.Catalina.start Server startup in 3142 ms
13-Sep-2023 20:14:00.288 INFO [main] org.apache.catalina.startup.VersionLoggerListener.log Nombre de la versión del servidor: Apache Tomcat/8.5.91
13-Sep-2023 20:14:00.297 INFO [main] org.apache.catalina.startup.VersionLoggerListener.log Server built:                      Jul 6 2023 14:43:48 UTC
13-Sep-2023 20:14:00.297 INFO [main] org.apache.catalina.startup.VersionLoggerListener.log Número de versión de servidor:     8.5.91.0
13-Sep-2023 20:14:00.297 INFO [main] org.apache.catalina.startup.VersionLoggerListener.log OS Name:                           Windows 10
13-Sep-2023 20:14:00.298 INFO [main] org.apache.catalina.startup.VersionLoggerListener.log Versión de Systema Operativo:      10.0
13-Sep-2023 20:14:00.298 INFO [main] org.apache.catalina.startup.VersionLoggerListener.log Arquitectura:                      amd64
13-Sep-2023 20:14:00.298 INFO [main] org.apache.catalina.startup.VersionLoggerListener.log Java Home:                         C:\Program Files\Java\jdk-18.0.2.1
13-Sep-2023 20:14:00.298 INFO [main] org.apache.catalina.startup.VersionLoggerListener.log JVM Version:                       18.0.2.1+1-1
13-Sep-2023 20:14:00.299 INFO [main] org.apache.catalina.startup.VersionLoggerListener.log Vededor JVM:                       Oracle Corporation
13-Sep-2023 20:14:00.299 INFO [main] org.apache.catalina.startup.VersionLoggerListener.log CATALINA_BASE:                     C:\xampp\htdocs\Github\modulo_seguridad\drivers\apache-tomcat-8.5.91
13-Sep-2023 20:14:00.299 INFO [main] org.apache.catalina.startup.VersionLoggerListener.log CATALINA_HOME:                     C:\xampp\htdocs\Github\modulo_seguridad\drivers\apache-tomcat-8.5.91
13-Sep-2023 20:14:00.302 INFO [main] org.apache.catalina.startup.VersionLoggerListener.log Command line argument:             -Djava.util.logging.config.file=c:\xampp\htdocs\Github\modulo_seguridad\drivers\apache-tomcat-8.5.91/conf/logging.properties
13-Sep-2023 20:14:00.304 INFO [main] org.apache.catalina.startup.VersionLoggerListener.log Command line argument:             -Djava.util.logging.manager=org.apache.juli.ClassLoaderLogManager
13-Sep-2023 20:14:00.304 INFO [main] org.apache.catalina.startup.VersionLoggerListener.log Command line argument:             -Djdk.tls.ephemeralDHKeySize=2048
13-Sep-2023 20:14:00.305 INFO [main] org.apache.catalina.startup.VersionLoggerListener.log Command line argument:             -Djava.protocol.handler.pkgs=org.apache.catalina.webresources
13-Sep-2023 20:14:00.305 INFO [main] org.apache.catalina.startup.VersionLoggerListener.log Command line argument:             -Dorg.apache.catalina.security.SecurityListener.UMASK=0027
13-Sep-2023 20:14:00.305 INFO [main] org.apache.catalina.startup.VersionLoggerListener.log Command line argument:             -Dcatalina.base=c:\xampp\htdocs\Github\modulo_seguridad\drivers\apache-tomcat-8.5.91
13-Sep-2023 20:14:00.305 INFO [main] org.apache.catalina.startup.VersionLoggerListener.log Command line argument:             -Dcatalina.home=c:\xampp\htdocs\Github\modulo_seguridad\drivers\apache-tomcat-8.5.91
13-Sep-2023 20:14:00.306 INFO [main] org.apache.catalina.startup.VersionLoggerListener.log Command line argument:             -Djava.io.tmpdir=c:\xampp\htdocs\Github\modulo_seguridad\drivers\apache-tomcat-8.5.91/temp
13-Sep-2023 20:14:00.306 INFO [main] org.apache.catalina.core.AprLifecycleListener.lifecycleEvent Cargada la biblioteca nativa APR de Apache Tomcat [1.2.37] con la versión APR [1.7.4].
13-Sep-2023 20:14:00.306 INFO [main] org.apache.catalina.core.AprLifecycleListener.lifecycleEvent Capacidades APR: IPv6 [true], enviar fichero [true], aceptar filtros [false], aleatorio [true], UDS [{4}].
13-Sep-2023 20:14:00.307 INFO [main] org.apache.catalina.core.AprLifecycleListener.lifecycleEvent APR/OpenSSL configuration: useAprConnector [false], useOpenSSL [true]
13-Sep-2023 20:14:00.362 INFO [main] org.apache.catalina.core.AprLifecycleListener.initializeSSL OpenSSL inicializado correctamente [OpenSSL 1.1.1u  30 May 2023]
13-Sep-2023 20:14:00.495 INFO [main] org.apache.coyote.AbstractProtocol.init Inicializando el manejador de protocolo ["http-nio-8080"]

13-Sep-2023 20:14:00.563 INFO [main] org.apache.catalina.startup.Catalina.load Initialization processed in 1246 ms
13-Sep-2023 20:14:00.714 INFO [main] org.apache.catalina.core.StandardService.startInternal Arrancando servicio [Catalina]
13-Sep-2023 20:14:00.714 INFO [main] org.apache.catalina.core.StandardEngine.startInternal Starting Servlet engine: [Apache Tomcat/8.5.91]
13-Sep-2023 20:14:00.773 INFO [localhost-startStop-1] org.apache.catalina.startup.HostConfig.deployDirectory Desplegando el directorio [C:\xampp\htdocs\Github\modulo_seguridad\drivers\apache-tomcat-8.5.91\webapps\docs] de la aplicación web
13-Sep-2023 20:14:01.485 INFO [localhost-startStop-1] org.apache.catalina.startup.HostConfig.deployDirectory Deployment of web application directory [C:\xampp\htdocs\Github\modulo_seguridad\drivers\apache-tomcat-8.5.91\webapps\docs] has finished in [712] ms
13-Sep-2023 20:14:01.485 INFO [localhost-startStop-1] org.apache.catalina.startup.HostConfig.deployDirectory Desplegando el directorio [C:\xampp\htdocs\Github\modulo_seguridad\drivers\apache-tomcat-8.5.91\webapps\examples] de la aplicación web
13-Sep-2023 20:14:02.939 INFO [localhost-startStop-1] org.apache.catalina.startup.HostConfig.deployDirectory Deployment of web application directory [C:\xampp\htdocs\Github\modulo_seguridad\drivers\apache-tomcat-8.5.91\webapps\examples] has finished in [1.454] ms
13-Sep-2023 20:14:02.939 INFO [localhost-startStop-1] org.apache.catalina.startup.HostConfig.deployDirectory Desplegando el directorio [C:\xampp\htdocs\Github\modulo_seguridad\drivers\apache-tomcat-8.5.91\webapps\host-manager] de la aplicación web
13-Sep-2023 20:14:03.095 INFO [localhost-startStop-1] org.apache.catalina.startup.HostConfig.deployDirectory Deployment of web application directory [C:\xampp\htdocs\Github\modulo_seguridad\drivers\apache-tomcat-8.5.91\webapps\host-manager] has finished in [155] ms
13-Sep-2023 20:14:03.096 INFO [localhost-startStop-1] org.apache.catalina.startup.HostConfig.deployDirectory Desplegando el directorio [C:\xampp\htdocs\Github\modulo_seguridad\drivers\apache-tomcat-8.5.91\webapps\manager] de la aplicación web
13-Sep-2023 20:14:03.337 INFO [localhost-startStop-1] org.apache.catalina.startup.HostConfig.deployDirectory Deployment of web application directory [C:\xampp\htdocs\Github\modulo_seguridad\drivers\apache-tomcat-8.5.91\webapps\manager] has finished in [239] ms
13-Sep-2023 20:14:03.337 INFO [localhost-startStop-1] org.apache.catalina.startup.HostConfig.deployDirectory Desplegando el directorio [C:\xampp\htdocs\Github\modulo_seguridad\drivers\apache-tomcat-8.5.91\webapps\ROOT] de la aplicación web
13-Sep-2023 20:14:03.420 INFO [localhost-startStop-1] org.apache.catalina.startup.HostConfig.deployDirectory Deployment of web application directory [C:\xampp\htdocs\Github\modulo_seguridad\drivers\apache-tomcat-8.5.91\webapps\ROOT] has finished in [83] ms
13-Sep-2023 20:14:03.425 INFO [main] org.apache.coyote.AbstractProtocol.start Starting ProtocolHandler ["http-nio-8080"]
13-Sep-2023 20:14:03.505 INFO [main] org.apache.catalina.startup.Catalina.start Server startup in 2937 ms
13-Sep-2023 21:00:40.273 INFO [main] org.apache.catalina.core.StandardServer.await Se ha recibido un comando de apagado a través del puerto de apagado. Parando la instancia del Servidor.
13-Sep-2023 21:00:40.274 INFO [main] org.apache.coyote.AbstractProtocol.pause Pausing ProtocolHandler ["http-nio-8080"]
13-Sep-2023 21:00:40.291 INFO [main] org.apache.catalina.core.StandardService.stopInternal Parando servicio [Catalina]
13-Sep-2023 21:00:40.303 WARNING [localhost-startStop-2] org.apache.catalina.loader.WebappClassLoaderBase.clearReferencesObjectStreamClassCaches When running on Java 9 or later you need to add "--add-opens=java.base/java.io=ALL-UNNAMED" to the JVM command line arguments to enable ObjectStream cache memory leak protection. Alternatively, you can suppress this warning by disabling ObjectStream class cache memory leak protection.
13-Sep-2023 21:00:40.304 WARNING [localhost-startStop-2] org.apache.catalina.loader.WebappClassLoaderBase.checkThreadLocalsForLeaks When running on Java 9 or later you need to add "--add-opens=java.base/java.lang=ALL-UNNAMED" to the JVM command line arguments to enable ThreadLocal memory leak detection. Alternatively, you can suppress this warning by disabling ThreadLocal memory leak detection.
13-Sep-2023 21:00:40.306 WARNING [localhost-startStop-2] org.apache.catalina.loader.WebappClassLoaderBase.clearReferencesRmiTargets When running on Java 9 or later you need to add "--add-opens=java.rmi/sun.rmi.transport=ALL-UNNAMED" to the JVM command line arguments to enable RMI Target memory leak detection. Alternatively, you can suppress this warning by disabling RMI Target memory leak detection.
13-Sep-2023 21:00:40.311 WARNING [localhost-startStop-2] org.apache.catalina.loader.WebappClassLoaderBase.clearReferencesObjectStreamClassCaches When running on Java 9 or later you need to add "--add-opens=java.base/java.io=ALL-UNNAMED" to the JVM command line arguments to enable ObjectStream cache memory leak protection. Alternatively, you can suppress this warning by disabling ObjectStream class cache memory leak protection.
13-Sep-2023 21:00:40.312 WARNING [localhost-startStop-2] org.apache.catalina.loader.WebappClassLoaderBase.checkThreadLocalsForLeaks When running on Java 9 or later you need to add "--add-opens=java.base/java.lang=ALL-UNNAMED" to the JVM command line arguments to enable ThreadLocal memory leak detection. Alternatively, you can suppress this warning by disabling ThreadLocal memory leak detection.
13-Sep-2023 21:00:40.312 WARNING [localhost-startStop-2] org.apache.catalina.loader.WebappClassLoaderBase.clearReferencesRmiTargets When running on Java 9 or later you need to add "--add-opens=java.rmi/sun.rmi.transport=ALL-UNNAMED" to the JVM command line arguments to enable RMI Target memory leak detection. Alternatively, you can suppress this warning by disabling RMI Target memory leak detection.
13-Sep-2023 21:00:40.316 WARNING [localhost-startStop-2] org.apache.catalina.loader.WebappClassLoaderBase.clearReferencesObjectStreamClassCaches When running on Java 9 or later you need to add "--add-opens=java.base/java.io=ALL-UNNAMED" to the JVM command line arguments to enable ObjectStream cache memory leak protection. Alternatively, you can suppress this warning by disabling ObjectStream class cache memory leak protection.
13-Sep-2023 21:00:40.317 WARNING [localhost-startStop-2] org.apache.catalina.loader.WebappClassLoaderBase.checkThreadLocalsForLeaks When running on Java 9 or later you need to add "--add-opens=java.base/java.lang=ALL-UNNAMED" to the JVM command line arguments to enable ThreadLocal memory leak detection. Alternatively, you can suppress this warning by disabling ThreadLocal memory leak detection.
13-Sep-2023 21:00:40.317 WARNING [localhost-startStop-2] org.apache.catalina.loader.WebappClassLoaderBase.clearReferencesRmiTargets When running on Java 9 or later you need to add "--add-opens=java.rmi/sun.rmi.transport=ALL-UNNAMED" to the JVM command line arguments to enable RMI Target memory leak detection. Alternatively, you can suppress this warning by disabling RMI Target memory leak detection.
13-Sep-2023 21:00:40.321 WARNING [localhost-startStop-2] org.apache.catalina.loader.WebappClassLoaderBase.clearReferencesObjectStreamClassCaches When running on Java 9 or later you need to add "--add-opens=java.base/java.io=ALL-UNNAMED" to the JVM command line arguments to enable ObjectStream cache memory leak protection. Alternatively, you can suppress this warning by disabling ObjectStream class cache memory leak protection.
13-Sep-2023 21:00:40.321 WARNING [localhost-startStop-2] org.apache.catalina.loader.WebappClassLoaderBase.checkThreadLocalsForLeaks When running on Java 9 or later you need to add "--add-opens=java.base/java.lang=ALL-UNNAMED" to the JVM command line arguments to enable ThreadLocal memory leak detection. Alternatively, you can suppress this warning by disabling ThreadLocal memory leak detection.
13-Sep-2023 21:00:40.321 WARNING [localhost-startStop-2] org.apache.catalina.loader.WebappClassLoaderBase.clearReferencesRmiTargets When running on Java 9 or later you need to add "--add-opens=java.rmi/sun.rmi.transport=ALL-UNNAMED" to the JVM command line arguments to enable RMI Target memory leak detection. Alternatively, you can suppress this warning by disabling RMI Target memory leak detection.
13-Sep-2023 21:00:40.325 WARNING [localhost-startStop-2] org.apache.catalina.loader.WebappClassLoaderBase.clearReferencesObjectStreamClassCaches When running on Java 9 or later you need to add "--add-opens=java.base/java.io=ALL-UNNAMED" to the JVM command line arguments to enable ObjectStream cache memory leak protection. Alternatively, you can suppress this warning by disabling ObjectStream class cache memory leak protection.
13-Sep-2023 21:00:40.325 WARNING [localhost-startStop-2] org.apache.catalina.loader.WebappClassLoaderBase.checkThreadLocalsForLeaks When running on Java 9 or later you need to add "--add-opens=java.base/java.lang=ALL-UNNAMED" to the JVM command line arguments to enable ThreadLocal memory leak detection. Alternatively, you can suppress this warning by disabling ThreadLocal memory leak detection.
13-Sep-2023 21:00:40.326 WARNING [localhost-startStop-2] org.apache.catalina.loader.WebappClassLoaderBase.clearReferencesRmiTargets When running on Java 9 or later you need to add "--add-opens=java.rmi/sun.rmi.transport=ALL-UNNAMED" to the JVM command line arguments to enable RMI Target memory leak detection. Alternatively, you can suppress this warning by disabling RMI Target memory leak detection.
13-Sep-2023 21:00:40.328 INFO [main] org.apache.coyote.AbstractProtocol.stop Stopping ProtocolHandler ["http-nio-8080"]
13-Sep-2023 21:00:40.336 INFO [main] org.apache.coyote.AbstractProtocol.destroy Destroying ProtocolHandler ["http-nio-8080"]
