18-Sep-2023 18:39:23.934 INFO [main] org.apache.catalina.startup.VersionLoggerListener.log Nombre de la versión del servidor: Apache Tomcat/8.5.91
18-Sep-2023 18:39:23.964 INFO [main] org.apache.catalina.startup.VersionLoggerListener.log Server built:                      Jul 6 2023 14:43:48 UTC
18-Sep-2023 18:39:23.966 INFO [main] org.apache.catalina.startup.VersionLoggerListener.log Número de versión de servidor:     8.5.91.0
18-Sep-2023 18:39:23.967 INFO [main] org.apache.catalina.startup.VersionLoggerListener.log OS Name:                           Windows 10
18-Sep-2023 18:39:23.969 INFO [main] org.apache.catalina.startup.VersionLoggerListener.log Versión de Systema Operativo:      10.0
18-Sep-2023 18:39:23.970 INFO [main] org.apache.catalina.startup.VersionLoggerListener.log Arquitectura:                      amd64
18-Sep-2023 18:39:23.970 INFO [main] org.apache.catalina.startup.VersionLoggerListener.log Java Home:                         C:\Program Files\Java\jdk-18.0.2.1
18-Sep-2023 18:39:23.970 INFO [main] org.apache.catalina.startup.VersionLoggerListener.log JVM Version:                       18.0.2.1+1-1
18-Sep-2023 18:39:23.971 INFO [main] org.apache.catalina.startup.VersionLoggerListener.log Vededor JVM:                       Oracle Corporation
18-Sep-2023 18:39:23.971 INFO [main] org.apache.catalina.startup.VersionLoggerListener.log CATALINA_BASE:                     C:\xampp\htdocs\Github\modulo_seguridad\drivers\apache-tomcat-8.5.91
18-Sep-2023 18:39:23.973 INFO [main] org.apache.catalina.startup.VersionLoggerListener.log CATALINA_HOME:                     C:\xampp\htdocs\Github\modulo_seguridad\drivers\apache-tomcat-8.5.91
18-Sep-2023 18:39:23.973 INFO [main] org.apache.catalina.startup.VersionLoggerListener.log Command line argument:             -Djava.util.logging.config.file=c:\xampp\htdocs\Github\modulo_seguridad\drivers\apache-tomcat-8.5.91/conf/logging.properties
18-Sep-2023 18:39:23.974 INFO [main] org.apache.catalina.startup.VersionLoggerListener.log Command line argument:             -Djava.util.logging.manager=org.apache.juli.ClassLoaderLogManager
18-Sep-2023 18:39:23.975 INFO [main] org.apache.catalina.startup.VersionLoggerListener.log Command line argument:             -Djdk.tls.ephemeralDHKeySize=2048
18-Sep-2023 18:39:23.975 INFO [main] org.apache.catalina.startup.VersionLoggerListener.log Command line argument:             -Djava.protocol.handler.pkgs=org.apache.catalina.webresources
18-Sep-2023 18:39:23.977 INFO [main] org.apache.catalina.startup.VersionLoggerListener.log Command line argument:             -Dorg.apache.catalina.security.SecurityListener.UMASK=0027
18-Sep-2023 18:39:23.977 INFO [main] org.apache.catalina.startup.VersionLoggerListener.log Command line argument:             -Dcatalina.base=c:\xampp\htdocs\Github\modulo_seguridad\drivers\apache-tomcat-8.5.91
18-Sep-2023 18:39:23.977 INFO [main] org.apache.catalina.startup.VersionLoggerListener.log Command line argument:             -Dcatalina.home=c:\xampp\htdocs\Github\modulo_seguridad\drivers\apache-tomcat-8.5.91
18-Sep-2023 18:39:23.977 INFO [main] org.apache.catalina.startup.VersionLoggerListener.log Command line argument:             -Djava.io.tmpdir=c:\xampp\htdocs\Github\modulo_seguridad\drivers\apache-tomcat-8.5.91/temp
18-Sep-2023 18:39:23.978 INFO [main] org.apache.catalina.core.AprLifecycleListener.lifecycleEvent Cargada la biblioteca nativa APR de Apache Tomcat [1.2.37] con la versión APR [1.7.4].
18-Sep-2023 18:39:23.978 INFO [main] org.apache.catalina.core.AprLifecycleListener.lifecycleEvent Capacidades APR: IPv6 [true], enviar fichero [true], aceptar filtros [false], aleatorio [true], UDS [{4}].
18-Sep-2023 18:39:23.978 INFO [main] org.apache.catalina.core.AprLifecycleListener.lifecycleEvent APR/OpenSSL configuration: useAprConnector [false], useOpenSSL [true]
18-Sep-2023 18:39:24.007 INFO [main] org.apache.catalina.core.AprLifecycleListener.initializeSSL OpenSSL inicializado correctamente [OpenSSL 1.1.1u  30 May 2023]
18-Sep-2023 18:39:24.163 INFO [main] org.apache.coyote.AbstractProtocol.init Inicializando el manejador de protocolo ["http-nio-8080"]

18-Sep-2023 18:39:24.243 INFO [main] org.apache.catalina.startup.Catalina.load Initialization processed in 1687 ms
18-Sep-2023 18:39:24.442 INFO [main] org.apache.catalina.core.StandardService.startInternal Arrancando servicio [Catalina]
18-Sep-2023 18:39:24.442 INFO [main] org.apache.catalina.core.StandardEngine.startInternal Starting Servlet engine: [Apache Tomcat/8.5.91]
18-Sep-2023 18:39:24.523 INFO [localhost-startStop-1] org.apache.catalina.startup.HostConfig.deployDirectory Desplegando el directorio [C:\xampp\htdocs\Github\modulo_seguridad\drivers\apache-tomcat-8.5.91\webapps\docs] de la aplicación web
18-Sep-2023 18:39:25.589 INFO [localhost-startStop-1] org.apache.catalina.startup.HostConfig.deployDirectory Deployment of web application directory [C:\xampp\htdocs\Github\modulo_seguridad\drivers\apache-tomcat-8.5.91\webapps\docs] has finished in [1.066] ms
18-Sep-2023 18:39:25.605 INFO [localhost-startStop-1] org.apache.catalina.startup.HostConfig.deployDirectory Desplegando el directorio [C:\xampp\htdocs\Github\modulo_seguridad\drivers\apache-tomcat-8.5.91\webapps\examples] de la aplicación web
18-Sep-2023 18:39:27.964 INFO [localhost-startStop-1] org.apache.catalina.startup.HostConfig.deployDirectory Deployment of web application directory [C:\xampp\htdocs\Github\modulo_seguridad\drivers\apache-tomcat-8.5.91\webapps\examples] has finished in [2.359] ms
18-Sep-2023 18:39:27.965 INFO [localhost-startStop-1] org.apache.catalina.startup.HostConfig.deployDirectory Desplegando el directorio [C:\xampp\htdocs\Github\modulo_seguridad\drivers\apache-tomcat-8.5.91\webapps\host-manager] de la aplicación web
18-Sep-2023 18:39:28.113 INFO [localhost-startStop-1] org.apache.catalina.startup.HostConfig.deployDirectory Deployment of web application directory [C:\xampp\htdocs\Github\modulo_seguridad\drivers\apache-tomcat-8.5.91\webapps\host-manager] has finished in [148] ms
18-Sep-2023 18:39:28.113 INFO [localhost-startStop-1] org.apache.catalina.startup.HostConfig.deployDirectory Desplegando el directorio [C:\xampp\htdocs\Github\modulo_seguridad\drivers\apache-tomcat-8.5.91\webapps\manager] de la aplicación web
18-Sep-2023 18:39:28.341 INFO [localhost-startStop-1] org.apache.catalina.startup.HostConfig.deployDirectory Deployment of web application directory [C:\xampp\htdocs\Github\modulo_seguridad\drivers\apache-tomcat-8.5.91\webapps\manager] has finished in [228] ms
18-Sep-2023 18:39:28.341 INFO [localhost-startStop-1] org.apache.catalina.startup.HostConfig.deployDirectory Desplegando el directorio [C:\xampp\htdocs\Github\modulo_seguridad\drivers\apache-tomcat-8.5.91\webapps\ROOT] de la aplicación web
18-Sep-2023 18:39:28.510 INFO [localhost-startStop-1] org.apache.catalina.startup.HostConfig.deployDirectory Deployment of web application directory [C:\xampp\htdocs\Github\modulo_seguridad\drivers\apache-tomcat-8.5.91\webapps\ROOT] has finished in [169] ms
18-Sep-2023 18:39:28.515 INFO [main] org.apache.coyote.AbstractProtocol.start Starting ProtocolHandler ["http-nio-8080"]
18-Sep-2023 18:39:28.607 INFO [main] org.apache.catalina.startup.Catalina.start Server startup in 4367 ms
